# JRE version: Java(TM) SE Runtime Environment (8.0_111-b14) (build 1.8.0_111-b14)
# Java VM: Java HotSpot(TM) 64-Bit Server VM (25.111-b14 mixed mode bsd-amd64 compressed oops)
Heap:
 PSYoungGen      total 205824K, used 164679K [0x000000076ab00000, 0x0000000777f80000, 0x00000007c0000000)
  eden space 195072K, 84% used [0x000000076ab00000,0x0000000774bd1fc0,0x0000000776980000)
  from space 10752K, 0% used [0x0000000777500000,0x0000000777500000,0x0000000777f80000)
  to   space 10752K, 0% used [0x0000000776a80000,0x0000000776a80000,0x0000000777500000)
 ParOldGen       total 163840K, used 15973K [0x00000006c0000000, 0x00000006ca000000, 0x000000076ab00000)
  object space 163840K, 9% used [0x00000006c0000000,0x00000006c0f99738,0x00000006ca000000)
 Metaspace       used 40151K, capacity 42632K, committed 42880K, reserved 1085440K
  class space    used 5475K, capacity 5945K, committed 6016K, reserved 1048576K
GC Heap History (10 events):
Event: 1.056 GC heap before
{Heap before GC invocations=2 (full 0):
 PSYoungGen      total 76288K, used 52046K [0x000000076ab00000, 0x0000000774000000, 0x00000007c0000000)
  eden space 65536K, 67% used [0x000000076ab00000,0x000000076d5ea8d0,0x000000076eb00000)
  from space 10752K, 75% used [0x000000076eb00000,0x000000076f2e9170,0x000000076f580000)
  to   space 10752K, 0% used [0x0000000773580000,0x0000000773580000,0x0000000774000000)
 ParOldGen       total 175104K, used 16K [0x00000006c0000000, 0x00000006cab00000, 0x000000076ab00000)
  object space 175104K, 0% used [0x00000006c0000000,0x00000006c0004000,0x00000006cab00000)
 Metaspace       used 20623K, capacity 21196K, committed 21296K, reserved 1067008K
  class space    used 2692K, capacity 2863K, committed 2944K, reserved 1048576K
Event: 1.067 GC heap after
Heap after GC invocations=2 (full 0):
 PSYoungGen      total 141824K, used 9824K [0x000000076ab00000, 0x0000000774000000, 0x00000007c0000000)
  eden space 131072K, 0% used [0x000000076ab00000,0x000000076ab00000,0x0000000772b00000)
  from space 10752K, 91% used [0x0000000773580000,0x0000000773f18390,0x0000000774000000)
  to   space 10752K, 0% used [0x0000000772b00000,0x0000000772b00000,0x0000000773580000)
 ParOldGen       total 175104K, used 88K [0x00000006c0000000, 0x00000006cab00000, 0x000000076ab00000)
  object space 175104K, 0% used [0x00000006c0000000,0x00000006c0016010,0x00000006cab00000)
 Metaspace       used 20623K, capacity 21196K, committed 21296K, reserved 1067008K
  class space    used 2692K, capacity 2863K, committed 2944K, reserved 1048576K
}
Event: 1.067 GC heap before
{Heap before GC invocations=3 (full 1):
 PSYoungGen      total 141824K, used 9824K [0x000000076ab00000, 0x0000000774000000, 0x00000007c0000000)
  eden space 131072K, 0% used [0x000000076ab00000,0x000000076ab00000,0x0000000772b00000)
  from space 10752K, 91% used [0x0000000773580000,0x0000000773f18390,0x0000000774000000)
  to   space 10752K, 0% used [0x0000000772b00000,0x0000000772b00000,0x0000000773580000)
 ParOldGen       total 175104K, used 88K [0x00000006c0000000, 0x00000006cab00000, 0x000000076ab00000)
  object space 175104K, 0% used [0x00000006c0000000,0x00000006c0016010,0x00000006cab00000)
 Metaspace       used 20623K, capacity 21196K, committed 21296K, reserved 1067008K
  class space    used 2692K, capacity 2863K, committed 2944K, reserved 1048576K
Event: 1.093 GC heap after
Heap after GC invocations=3 (full 1):
 PSYoungGen      total 141824K, used 0K [0x000000076ab00000, 0x0000000774000000, 0x00000007c0000000)
  eden space 131072K, 0% used [0x000000076ab00000,0x000000076ab00000,0x0000000772b00000)
  from space 10752K, 0% used [0x0000000773580000,0x0000000773580000,0x0000000774000000)
  to   space 10752K, 0% used [0x0000000772b00000,0x0000000772b00000,0x0000000773580000)
 ParOldGen       total 104960K, used 9467K [0x00000006c0000000, 0x00000006c6680000, 0x000000076ab00000)
  object space 104960K, 9% used [0x00000006c0000000,0x00000006c093ef40,0x00000006c6680000)
 Metaspace       used 20619K, capacity 21182K, committed 21296K, reserved 1067008K
  class space    used 2691K, capacity 2860K, committed 2944K, reserved 1048576K
}
Event: 2.050 GC heap before
{Heap before GC invocations=4 (full 1):
 PSYoungGen      total 141824K, used 131072K [0x000000076ab00000, 0x0000000774000000, 0x00000007c0000000)
  eden space 131072K, 100% used [0x000000076ab00000,0x0000000772b00000,0x0000000772b00000)
  from space 10752K, 0% used [0x0000000773580000,0x0000000773580000,0x0000000774000000)
  to   space 10752K, 0% used [0x0000000772b00000,0x0000000772b00000,0x0000000773580000)
 ParOldGen       total 104960K, used 9467K [0x00000006c0000000, 0x00000006c6680000, 0x000000076ab00000)
  object space 104960K, 9% used [0x00000006c0000000,0x00000006c093ef40,0x00000006c6680000)
 Metaspace       used 28731K, capacity 29832K, committed 30080K, reserved 1075200K
  class space    used 3838K, capacity 4101K, committed 4224K, reserved 1048576K
Event: 2.062 GC heap after
Heap after GC invocations=4 (full 1):
 PSYoungGen      total 141824K, used 10749K [0x000000076ab00000, 0x0000000777f80000, 0x00000007c0000000)
  eden space 131072K, 0% used [0x000000076ab00000,0x000000076ab00000,0x0000000772b00000)
  from space 10752K, 99% used [0x0000000772b00000,0x000000077357f780,0x0000000773580000)
  to   space 10752K, 0% used [0x0000000777500000,0x0000000777500000,0x0000000777f80000)
 ParOldGen       total 104960K, used 11932K [0x00000006c0000000, 0x00000006c6680000, 0x000000076ab00000)
  object space 104960K, 11% used [0x00000006c0000000,0x00000006c0ba72f0,0x00000006c6680000)
 Metaspace       used 28731K, capacity 29832K, committed 30080K, reserved 1075200K
  class space    used 3838K, capacity 4101K, committed 4224K, reserved 1048576K
}
Event: 2.565 GC heap before
{Heap before GC invocations=5 (full 1):
 PSYoungGen      total 141824K, used 67021K [0x000000076ab00000, 0x0000000777f80000, 0x00000007c0000000)
  eden space 131072K, 42% used [0x000000076ab00000,0x000000076e1f3e18,0x0000000772b00000)
  from space 10752K, 99% used [0x0000000772b00000,0x000000077357f780,0x0000000773580000)
  to   space 10752K, 0% used [0x0000000777500000,0x0000000777500000,0x0000000777f80000)
 ParOldGen       total 104960K, used 11932K [0x00000006c0000000, 0x00000006c6680000, 0x000000076ab00000)
  object space 104960K, 11% used [0x00000006c0000000,0x00000006c0ba72f0,0x00000006c6680000)
 Metaspace       used 33557K, capacity 35346K, committed 35496K, reserved 1079296K
  class space    used 4520K, capacity 4878K, committed 4992K, reserved 1048576K
Event: 2.577 GC heap after
Heap after GC invocations=5 (full 1):
 PSYoungGen      total 205824K, used 10748K [0x000000076ab00000, 0x0000000777f80000, 0x00000007c0000000)
  eden space 195072K, 0% used [0x000000076ab00000,0x000000076ab00000,0x0000000776980000)
  from space 10752K, 99% used [0x0000000777500000,0x0000000777f7f040,0x0000000777f80000)
  to   space 10752K, 0% used [0x0000000776a80000,0x0000000776a80000,0x0000000777500000)
 ParOldGen       total 104960K, used 12340K [0x00000006c0000000, 0x00000006c6680000, 0x000000076ab00000)
  object space 104960K, 11% used [0x00000006c0000000,0x00000006c0c0d040,0x00000006c6680000)
 Metaspace       used 33557K, capacity 35346K, committed 35496K, reserved 1079296K
  class space    used 4520K, capacity 4878K, committed 4992K, reserved 1048576K
}
Event: 2.577 GC heap before
{Heap before GC invocations=6 (full 2):
 PSYoungGen      total 205824K, used 10748K [0x000000076ab00000, 0x0000000777f80000, 0x00000007c0000000)
  eden space 195072K, 0% used [0x000000076ab00000,0x000000076ab00000,0x0000000776980000)
  from space 10752K, 99% used [0x0000000777500000,0x0000000777f7f040,0x0000000777f80000)
  to   space 10752K, 0% used [0x0000000776a80000,0x0000000776a80000,0x0000000777500000)
 ParOldGen       total 104960K, used 12340K [0x00000006c0000000, 0x00000006c6680000, 0x000000076ab00000)
  object space 104960K, 11% used [0x00000006c0000000,0x00000006c0c0d040,0x00000006c6680000)
 Metaspace       used 33557K, capacity 35346K, committed 35496K, reserved 1079296K
  class space    used 4520K, capacity 4878K, committed 4992K, reserved 1048576K
Event: 2.618 GC heap after
Heap after GC invocations=6 (full 2):
 PSYoungGen      total 205824K, used 0K [0x000000076ab00000, 0x0000000777f80000, 0x00000007c0000000)
  eden space 195072K, 0% used [0x000000076ab00000,0x000000076ab00000,0x0000000776980000)
  from space 10752K, 0% used [0x0000000777500000,0x0000000777500000,0x0000000777f80000)
  to   space 10752K, 0% used [0x0000000776a80000,0x0000000776a80000,0x0000000777500000)
 ParOldGen       total 163840K, used 15973K [0x00000006c0000000, 0x00000006ca000000, 0x000000076ab00000)
  object space 163840K, 9% used [0x00000006c0000000,0x00000006c0f99738,0x00000006ca000000)
 Metaspace       used 33557K, capacity 35346K, committed 35496K, reserved 1079296K
  class space    used 4520K, capacity 4878K, committed 4992K, reserved 1048576K
}

